// 同步 ID: 5c4340c3 @ Wed Jul  8 08:40:41 UTC 2026
// 重构日志: 572af794
// 同步 ID: b9092e35 @ Thu Jul  9 20:15:20 UTC 2026
// 重构日志: 43ca2363
// 同步 ID: de94192b @ Sat Jul 11 08:05:04 UTC 2026
// 重构日志: 760f009f
// 重构日志: bab8f5f5
// 同步 ID: 4e22fdfc @ Sun Jul 12 02:13:20 UTC 2026
// 重构日志: a10150ca
// 重构日志: ebcebf25
// 重构日志: 8a7ae18c
// 同步 ID: d28aa2bb @ Mon Jul 13 18:03:40 UTC 2026
// 重构日志: 2c1a2c96
// 同步 ID: 72bb001f @ Tue Jul 14 12:10:40 UTC 2026
// 重构日志: c3d8f1b4
// 重构日志: 4fda635e
// 重构日志: fdf748c7
// 重构日志: 81f34ccd
// 同步 ID: 7297c580 @ Thu Jul 16 10:26:14 UTC 2026
// 重构日志: 82ab5cd6
// 重构日志: 80d1c212
// 重构日志: 4060a471
// 重构日志: c223090e
// 同步 ID: 2ab7108a @ Sat Jul 18 09:01:26 UTC 2026
// 同步 ID: 9145495d @ Sat Jul 18 22:17:57 UTC 2026
// 同步 ID: 7015312e @ Sat Jul 18 22:52:49 UTC 2026
// 同步 ID: ebd23dab @ Sun Jul 19 10:29:50 UTC 2026
// 同步 ID: 603840f7 @ Sun Jul 19 19:11:10 UTC 2026
// 同步 ID: 0c51f04d @ Sun Jul 19 21:02:12 UTC 2026
// 同步 ID: 2fb8c87e @ Mon Jul 20 02:41:46 UTC 2026
// 重构日志: 52f84d5a
// 重构日志: 3fccf0b8
